\BOOKMARK [0][-]{chapter.1}{Inledning}{}% 1
\BOOKMARK [0][-]{chapter.2}{Teori}{}% 2
\BOOKMARK [1][-]{section.2.1}{Problemet med skadeg\366relse}{chapter.2}% 3
\BOOKMARK [0][-]{chapter.3}{Material \046 Metoder}{}% 4
\BOOKMARK [1][-]{section.3.1}{Metoder}{chapter.3}% 5
\BOOKMARK [1][-]{section.3.2}{ESP8266 - mikroprocessorn}{chapter.3}% 6
\BOOKMARK [1][-]{section.3.3}{FTP-Server}{chapter.3}% 7
\BOOKMARK [1][-]{section.3.4}{IP-kameran}{chapter.3}% 8
\BOOKMARK [1][-]{section.3.5}{Sensorer}{chapter.3}% 9
\BOOKMARK [1][-]{section.3.6}{Systembeskrivning}{chapter.3}% 10
\BOOKMARK [1][-]{section.3.7}{Arbetsuppgifter}{chapter.3}% 11
\BOOKMARK [0][-]{chapter.4}{Resultat}{}% 12
\BOOKMARK [1][-]{section.4.1}{Testfall}{chapter.4}% 13
\BOOKMARK [0][-]{chapter.5}{Diskussion \046 Framtid}{}% 14
\BOOKMARK [1][-]{section.5.1}{Diskussion}{chapter.5}% 15
\BOOKMARK [2][-]{subsection.5.1.1}{Lagar och Etsika Aspekter}{section.5.1}% 16
\BOOKMARK [0][-]{chapter*.8}{Litteraturf\366rteckning}{}% 17
\BOOKMARK [0][-]{chapter.6}{Bilaga}{}% 18
\BOOKMARK [1][-]{section.6.1}{GitHub-l\344nk}{chapter.6}% 19
\BOOKMARK [1][-]{section.6.2}{Diagram}{chapter.6}% 20
\BOOKMARK [1][-]{section.6.3}{Testfall}{chapter.6}% 21
